0 info it worked if it ends with ok
1 verbose cli [ 'C:\\Program Files (x86)\\nodejs\\node.exe',
1 verbose cli   'C:\\Users\\Stefan\\AppData\\Roaming\\npm\\node_modules\\npm\\bin\\npm-cli.js',
1 verbose cli   'start' ]
2 info using npm@3.10.8
3 info using node@v8.10.0
4 verbose run-script [ 'prestart', 'start', 'poststart' ]
5 info lifecycle wanderlust@0.1.0~prestart: wanderlust@0.1.0
6 silly lifecycle wanderlust@0.1.0~prestart: no script for prestart, continuing
7 info lifecycle wanderlust@0.1.0~start: wanderlust@0.1.0
8 verbose lifecycle wanderlust@0.1.0~start: unsafe-perm in lifecycle true
9 verbose lifecycle wanderlust@0.1.0~start: PATH: C:\Users\Stefan\AppData\Roaming\npm\node_modules\npm\bin\node-gyp-bin;C:\wamp\www\projects\reactCourse\apps\wanderlust\node_modules\.bin;C:\Program Files\Common Files\Microsoft Shared\Windows Live;C:\Program Files (x86)\Common Files\Microsoft Shared\Windows Live;C:\Windows\system32;C:\Windows;C:\Windows\System32\Wbem;C:\Windows\System32\WindowsPowerShell\v1.0\;C:\Program Files (x86)\ATI Technologies\ATI.ACE\Core-Static;C:\Program Files\Intel\WiFi\bin\;C:\Program Files\Common Files\Intel\WirelessCommon\;c:\Program Files (x86)\Common Files\Roxio Shared\DLLShared\;c:\Program Files (x86)\Common Files\Roxio Shared\OEM\DLLShared\;c:\Program Files (x86)\Common Files\Roxio Shared\OEM\DLLShared\;c:\Program Files (x86)\Common Files\Roxio Shared\OEM\12.0\DLLShared\;c:\Program Files (x86)\Roxio\OEM\AudioCore\;C:\Program Files (x86)\Windows Live\Shared;C:\HashiCorp\Vagrant\bin;C:\Program Files\MongoDB\Server\3.2\bin\;C:\Program Files (x86)\QuickTime\QTSystem\;C:\Program Files\Git\cmd;C:\Program Files (x86)\nodejs\;C:\Ruby22\bin;C:\Program Files (x86)\Microsoft VS Code\bin;C:\Program Files\Heroku\bin;C:\Users\Stefan\AppData\Roaming\npm
10 verbose lifecycle wanderlust@0.1.0~start: CWD: C:\wamp\www\projects\reactCourse\apps\wanderlust
11 silly lifecycle wanderlust@0.1.0~start: Args: [ '/d /s /c', 'react-scripts start' ]
12 silly lifecycle wanderlust@0.1.0~start: Returned: code: 3221225786  signal: null
13 info lifecycle wanderlust@0.1.0~start: Failed to exec start script
14 verbose stack Error: wanderlust@0.1.0 start: `react-scripts start`
14 verbose stack Exit status 3221225786
14 verbose stack     at EventEmitter.<anonymous> (C:\Users\Stefan\AppData\Roaming\npm\node_modules\npm\lib\utils\lifecycle.js:255:16)
14 verbose stack     at emitTwo (events.js:126:13)
14 verbose stack     at EventEmitter.emit (events.js:214:7)
14 verbose stack     at ChildProcess.<anonymous> (C:\Users\Stefan\AppData\Roaming\npm\node_modules\npm\lib\utils\spawn.js:40:14)
14 verbose stack     at emitTwo (events.js:126:13)
14 verbose stack     at ChildProcess.emit (events.js:214:7)
14 verbose stack     at maybeClose (internal/child_process.js:925:16)
14 verbose stack     at Process.ChildProcess._handle.onexit (internal/child_process.js:209:5)
15 verbose pkgid wanderlust@0.1.0
16 verbose cwd C:\wamp\www\projects\reactCourse\apps\wanderlust
17 error Windows_NT 6.1.7601
18 error argv "C:\\Program Files (x86)\\nodejs\\node.exe" "C:\\Users\\Stefan\\AppData\\Roaming\\npm\\node_modules\\npm\\bin\\npm-cli.js" "start"
19 error node v8.10.0
20 error npm  v3.10.8
21 error code ELIFECYCLE
22 error wanderlust@0.1.0 start: `react-scripts start`
22 error Exit status 3221225786
23 error Failed at the wanderlust@0.1.0 start script 'react-scripts start'.
23 error Make sure you have the latest version of node.js and npm installed.
23 error If you do, this is most likely a problem with the wanderlust package,
23 error not with npm itself.
23 error Tell the author that this fails on your system:
23 error     react-scripts start
23 error You can get information on how to open an issue for this project with:
23 error     npm bugs wanderlust
23 error Or if that isn't available, you can get their info via:
23 error     npm owner ls wanderlust
23 error There is likely additional logging output above.
24 verbose exit [ 1, true ]
